<?xml version="1.0" encoding="UTF-8"?>
<!-- Generated by org.testng.reporters.JUnitReportReporter -->
<testsuite skipped="0" hostname="DNID0694L01" name="com.g2academy.testcases.TC002_GetById" tests="1" failures="0" timestamp="07 May 2020 04:02:08 GMT" time="0.000" errors="0">
  <testcase name="getByIdAssertion" time="0.000" classname="com.g2academy.testcases.TC002_GetById"/>
</testsuite> <!-- com.g2academy.testcases.TC002_GetById -->
