<?xml version="1.0" encoding="UTF-8"?>
<!-- Generated by org.testng.reporters.JUnitReportReporter -->
<testsuite skipped="0" hostname="DNID0694L01" name="com.g2academy.testcases.TC004_Put" tests="1" failures="0" timestamp="07 May 2020 04:02:08 GMT" time="0.001" errors="0">
  <testcase name="putAssertion" time="0.001" classname="com.g2academy.testcases.TC004_Put"/>
</testsuite> <!-- com.g2academy.testcases.TC004_Put -->
